{"/Users/shushanthpallegar/Desktop/shushanth/events-server/dist/app.js": {"path":"/Users/shushanthpallegar/Desktop/shushanth/events-server/dist/app.js","statementMap":{"0":{"start":{"line":7,"column":22},"end":{"line":9,"column":1}},"1":{"start":{"line":8,"column":4},"end":{"line":8,"column":62}},"2":{"start":{"line":10,"column":0},"end":{"line":10,"column":62}},"3":{"start":{"line":11,"column":18},"end":{"line":11,"column":53}},"4":{"start":{"line":12,"column":22},"end":{"line":12,"column":61}},"5":{"start":{"line":13,"column":29},"end":{"line":13,"column":75}},"6":{"start":{"line":14,"column":20},"end":{"line":14,"column":66}},"7":{"start":{"line":15,"column":23},"end":{"line":15,"column":65}},"8":{"start":{"line":18,"column":8},"end":{"line":18,"column":45}},"9":{"start":{"line":19,"column":8},"end":{"line":19,"column":58}},"10":{"start":{"line":20,"column":8},"end":{"line":20,"column":26}},"11":{"start":{"line":21,"column":8},"end":{"line":21,"column":26}},"12":{"start":{"line":24,"column":8},"end":{"line":24,"column":57}},"13":{"start":{"line":25,"column":8},"end":{"line":25,"column":82}},"14":{"start":{"line":28,"column":8},"end":{"line":28,"column":136}},"15":{"start":{"line":29,"column":8},"end":{"line":29,"column":48}},"16":{"start":{"line":32,"column":0},"end":{"line":32,"column":22}}},"fnMap":{"0":{"name":"(anonymous_0)","decl":{"start":{"line":7,"column":56},"end":{"line":7,"column":57}},"loc":{"start":{"line":7,"column":71},"end":{"line":9,"column":1}},"line":7},"1":{"name":"(anonymous_1)","decl":{"start":{"line":17,"column":4},"end":{"line":17,"column":5}},"loc":{"start":{"line":17,"column":18},"end":{"line":22,"column":5}},"line":17},"2":{"name":"(anonymous_2)","decl":{"start":{"line":23,"column":4},"end":{"line":23,"column":5}},"loc":{"start":{"line":23,"column":17},"end":{"line":26,"column":5}},"line":23},"3":{"name":"(anonymous_3)","decl":{"start":{"line":27,"column":4},"end":{"line":27,"column":5}},"loc":{"start":{"line":27,"column":17},"end":{"line":30,"column":5}},"line":27}},"branchMap":{"0":{"loc":{"start":{"line":7,"column":22},"end":{"line":9,"column":1}},"type":"binary-expr","locations":[{"start":{"line":7,"column":23},"end":{"line":7,"column":27}},{"start":{"line":7,"column":31},"end":{"line":7,"column":51}},{"start":{"line":7,"column":56},"end":{"line":9,"column":1}}],"line":7},"1":{"loc":{"start":{"line":8,"column":11},"end":{"line":8,"column":61}},"type":"cond-expr","locations":[{"start":{"line":8,"column":37},"end":{"line":8,"column":40}},{"start":{"line":8,"column":43},"end":{"line":8,"column":61}}],"line":8},"2":{"loc":{"start":{"line":8,"column":12},"end":{"line":8,"column":33}},"type":"binary-expr","locations":[{"start":{"line":8,"column":12},"end":{"line":8,"column":15}},{"start":{"line":8,"column":19},"end":{"line":8,"column":33}}],"line":8}},"s":{"0":1,"1":5,"2":1,"3":1,"4":1,"5":1,"6":1,"7":1,"8":1,"9":1,"10":1,"11":1,"12":1,"13":1,"14":1,"15":1,"16":1},"f":{"0":5,"1":1,"2":1,"3":1},"b":{"0":[1,1,1],"1":[1,4],"2":[5,5]},"_coverageSchema":"1a1c01bbd47fc00a2c39e90264f33305004495a9","hash":"74377425c58dfce64b49a6c505a65980f4babefb"}
,"/Users/shushanthpallegar/Desktop/shushanth/events-server/dist/controllers/appController.js": {"path":"/Users/shushanthpallegar/Desktop/shushanth/events-server/dist/controllers/appController.js","statementMap":{"0":{"start":{"line":2,"column":22},"end":{"line":4,"column":1}},"1":{"start":{"line":3,"column":4},"end":{"line":3,"column":62}},"2":{"start":{"line":5,"column":0},"end":{"line":5,"column":62}},"3":{"start":{"line":6,"column":14},"end":{"line":6,"column":54}},"4":{"start":{"line":7,"column":24},"end":{"line":7,"column":77}},"5":{"start":{"line":10,"column":8},"end":{"line":19,"column":10}},"6":{"start":{"line":11,"column":29},"end":{"line":11,"column":36}},"7":{"start":{"line":12,"column":12},"end":{"line":12,"column":61}},"8":{"start":{"line":13,"column":12},"end":{"line":13,"column":40}},"9":{"start":{"line":14,"column":34},"end":{"line":14,"column":63}},"10":{"start":{"line":15,"column":35},"end":{"line":15,"column":61}},"11":{"start":{"line":16,"column":12},"end":{"line":16,"column":65}},"12":{"start":{"line":17,"column":12},"end":{"line":17,"column":50}},"13":{"start":{"line":18,"column":12},"end":{"line":18,"column":42}},"14":{"start":{"line":22,"column":0},"end":{"line":22,"column":32}}},"fnMap":{"0":{"name":"(anonymous_0)","decl":{"start":{"line":2,"column":56},"end":{"line":2,"column":57}},"loc":{"start":{"line":2,"column":71},"end":{"line":4,"column":1}},"line":2},"1":{"name":"(anonymous_1)","decl":{"start":{"line":9,"column":4},"end":{"line":9,"column":5}},"loc":{"start":{"line":9,"column":18},"end":{"line":20,"column":5}},"line":9},"2":{"name":"(anonymous_2)","decl":{"start":{"line":10,"column":22},"end":{"line":10,"column":23}},"loc":{"start":{"line":10,"column":45},"end":{"line":19,"column":9}},"line":10}},"branchMap":{"0":{"loc":{"start":{"line":2,"column":22},"end":{"line":4,"column":1}},"type":"binary-expr","locations":[{"start":{"line":2,"column":23},"end":{"line":2,"column":27}},{"start":{"line":2,"column":31},"end":{"line":2,"column":51}},{"start":{"line":2,"column":56},"end":{"line":4,"column":1}}],"line":2},"1":{"loc":{"start":{"line":3,"column":11},"end":{"line":3,"column":61}},"type":"cond-expr","locations":[{"start":{"line":3,"column":37},"end":{"line":3,"column":40}},{"start":{"line":3,"column":43},"end":{"line":3,"column":61}}],"line":3},"2":{"loc":{"start":{"line":3,"column":12},"end":{"line":3,"column":33}},"type":"binary-expr","locations":[{"start":{"line":3,"column":12},"end":{"line":3,"column":15}},{"start":{"line":3,"column":19},"end":{"line":3,"column":33}}],"line":3}},"s":{"0":2,"1":4,"2":2,"3":2,"4":2,"5":2,"6":2,"7":2,"8":2,"9":2,"10":2,"11":2,"12":2,"13":2,"14":2},"f":{"0":4,"1":2,"2":2},"b":{"0":[2,2,2],"1":[4,0],"2":[4,4]},"_coverageSchema":"1a1c01bbd47fc00a2c39e90264f33305004495a9","hash":"c32e23986c638547cff934524ff3df02dbef8230"}
,"/Users/shushanthpallegar/Desktop/shushanth/events-server/dist/routes/appRoutes.js": {"path":"/Users/shushanthpallegar/Desktop/shushanth/events-server/dist/routes/appRoutes.js","statementMap":{"0":{"start":{"line":2,"column":22},"end":{"line":4,"column":1}},"1":{"start":{"line":3,"column":4},"end":{"line":3,"column":62}},"2":{"start":{"line":5,"column":0},"end":{"line":5,"column":62}},"3":{"start":{"line":10,"column":18},"end":{"line":10,"column":36}},"4":{"start":{"line":11,"column":24},"end":{"line":11,"column":80}},"5":{"start":{"line":14,"column":8},"end":{"line":14,"column":41}},"6":{"start":{"line":15,"column":8},"end":{"line":15,"column":59}},"7":{"start":{"line":16,"column":8},"end":{"line":16,"column":40}},"8":{"start":{"line":19,"column":8},"end":{"line":19,"column":68}},"9":{"start":{"line":22,"column":0},"end":{"line":22,"column":30}},"10":{"start":{"line":24,"column":0},"end":{"line":24,"column":28}}},"fnMap":{"0":{"name":"(anonymous_0)","decl":{"start":{"line":2,"column":56},"end":{"line":2,"column":57}},"loc":{"start":{"line":2,"column":71},"end":{"line":4,"column":1}},"line":2},"1":{"name":"(anonymous_1)","decl":{"start":{"line":13,"column":4},"end":{"line":13,"column":5}},"loc":{"start":{"line":13,"column":18},"end":{"line":17,"column":5}},"line":13},"2":{"name":"(anonymous_2)","decl":{"start":{"line":18,"column":4},"end":{"line":18,"column":5}},"loc":{"start":{"line":18,"column":31},"end":{"line":20,"column":5}},"line":18}},"branchMap":{"0":{"loc":{"start":{"line":2,"column":22},"end":{"line":4,"column":1}},"type":"binary-expr","locations":[{"start":{"line":2,"column":23},"end":{"line":2,"column":27}},{"start":{"line":2,"column":31},"end":{"line":2,"column":51}},{"start":{"line":2,"column":56},"end":{"line":4,"column":1}}],"line":2},"1":{"loc":{"start":{"line":3,"column":11},"end":{"line":3,"column":61}},"type":"cond-expr","locations":[{"start":{"line":3,"column":37},"end":{"line":3,"column":40}},{"start":{"line":3,"column":43},"end":{"line":3,"column":61}}],"line":3},"2":{"loc":{"start":{"line":3,"column":12},"end":{"line":3,"column":33}},"type":"binary-expr","locations":[{"start":{"line":3,"column":12},"end":{"line":3,"column":15}},{"start":{"line":3,"column":19},"end":{"line":3,"column":33}}],"line":3}},"s":{"0":1,"1":1,"2":1,"3":1,"4":1,"5":1,"6":1,"7":1,"8":1,"9":1,"10":1},"f":{"0":1,"1":1,"2":1},"b":{"0":[1,1,1],"1":[1,0],"2":[1,1]},"_coverageSchema":"1a1c01bbd47fc00a2c39e90264f33305004495a9","hash":"3c996f879a652652d9fcdabd324cf34958779d54"}
,"/Users/shushanthpallegar/Desktop/shushanth/events-server/dist/services/appDateService.js": {"path":"/Users/shushanthpallegar/Desktop/shushanth/events-server/dist/services/appDateService.js","statementMap":{"0":{"start":{"line":6,"column":0},"end":{"line":6,"column":62}},"1":{"start":{"line":9,"column":8},"end":{"line":9,"column":48}},"2":{"start":{"line":10,"column":8},"end":{"line":10,"column":32}},"3":{"start":{"line":13,"column":8},"end":{"line":13,"column":40}},"4":{"start":{"line":16,"column":8},"end":{"line":23,"column":9}},"5":{"start":{"line":17,"column":26},"end":{"line":17,"column":72}},"6":{"start":{"line":18,"column":35},"end":{"line":18,"column":47}},"7":{"start":{"line":19,"column":12},"end":{"line":19,"column":45}},"8":{"start":{"line":20,"column":12},"end":{"line":20,"column":56}},"9":{"start":{"line":21,"column":12},"end":{"line":21,"column":43}},"10":{"start":{"line":22,"column":12},"end":{"line":22,"column":50}},"11":{"start":{"line":26,"column":0},"end":{"line":26,"column":33}}},"fnMap":{"0":{"name":"(anonymous_0)","decl":{"start":{"line":8,"column":4},"end":{"line":8,"column":5}},"loc":{"start":{"line":8,"column":18},"end":{"line":11,"column":5}},"line":8},"1":{"name":"(anonymous_1)","decl":{"start":{"line":12,"column":4},"end":{"line":12,"column":5}},"loc":{"start":{"line":12,"column":33},"end":{"line":14,"column":5}},"line":12},"2":{"name":"(anonymous_2)","decl":{"start":{"line":15,"column":4},"end":{"line":15,"column":5}},"loc":{"start":{"line":15,"column":28},"end":{"line":24,"column":5}},"line":15}},"branchMap":{"0":{"loc":{"start":{"line":16,"column":8},"end":{"line":23,"column":9}},"type":"if","locations":[{"start":{"line":16,"column":8},"end":{"line":23,"column":9}},{"start":{"line":16,"column":8},"end":{"line":23,"column":9}}],"line":16}},"s":{"0":3,"1":5,"2":5,"3":0,"4":16,"5":16,"6":16,"7":16,"8":16,"9":16,"10":16,"11":3},"f":{"0":5,"1":0,"2":16},"b":{"0":[16,0]},"_coverageSchema":"1a1c01bbd47fc00a2c39e90264f33305004495a9","hash":"0fd8913fc4d02e72921ab4be286c39814da9f18d"}
,"/Users/shushanthpallegar/Desktop/shushanth/events-server/dist/services/eventsService.js": {"path":"/Users/shushanthpallegar/Desktop/shushanth/events-server/dist/services/eventsService.js","statementMap":{"0":{"start":{"line":2,"column":22},"end":{"line":4,"column":1}},"1":{"start":{"line":3,"column":4},"end":{"line":3,"column":62}},"2":{"start":{"line":5,"column":0},"end":{"line":5,"column":62}},"3":{"start":{"line":11,"column":15},"end":{"line":11,"column":30}},"4":{"start":{"line":12,"column":14},"end":{"line":12,"column":54}},"5":{"start":{"line":13,"column":25},"end":{"line":13,"column":69}},"6":{"start":{"line":27,"column":31},"end":{"line":27,"column":61}},"7":{"start":{"line":28,"column":32},"end":{"line":28,"column":82}},"8":{"start":{"line":33,"column":8},"end":{"line":35,"column":9}},"9":{"start":{"line":34,"column":12},"end":{"line":34,"column":22}},"10":{"start":{"line":36,"column":8},"end":{"line":55,"column":11}},"11":{"start":{"line":37,"column":12},"end":{"line":37,"column":58}},"12":{"start":{"line":38,"column":12},"end":{"line":38,"column":54}},"13":{"start":{"line":39,"column":34},"end":{"line":39,"column":70}},"14":{"start":{"line":40,"column":32},"end":{"line":40,"column":66}},"15":{"start":{"line":41,"column":12},"end":{"line":54,"column":14}},"16":{"start":{"line":58,"column":8},"end":{"line":58,"column":48}},"17":{"start":{"line":59,"column":30},"end":{"line":62,"column":9}},"18":{"start":{"line":63,"column":8},"end":{"line":63,"column":65}},"19":{"start":{"line":64,"column":8},"end":{"line":64,"column":29}},"20":{"start":{"line":67,"column":0},"end":{"line":67,"column":32}}},"fnMap":{"0":{"name":"(anonymous_0)","decl":{"start":{"line":2,"column":56},"end":{"line":2,"column":57}},"loc":{"start":{"line":2,"column":71},"end":{"line":4,"column":1}},"line":2},"1":{"name":"(anonymous_1)","decl":{"start":{"line":26,"column":4},"end":{"line":26,"column":5}},"loc":{"start":{"line":26,"column":31},"end":{"line":56,"column":5}},"line":26},"2":{"name":"(anonymous_2)","decl":{"start":{"line":36,"column":32},"end":{"line":36,"column":33}},"loc":{"start":{"line":36,"column":59},"end":{"line":55,"column":9}},"line":36},"3":{"name":"(anonymous_3)","decl":{"start":{"line":57,"column":4},"end":{"line":57,"column":5}},"loc":{"start":{"line":57,"column":19},"end":{"line":65,"column":5}},"line":57}},"branchMap":{"0":{"loc":{"start":{"line":2,"column":22},"end":{"line":4,"column":1}},"type":"binary-expr","locations":[{"start":{"line":2,"column":23},"end":{"line":2,"column":27}},{"start":{"line":2,"column":31},"end":{"line":2,"column":51}},{"start":{"line":2,"column":56},"end":{"line":4,"column":1}}],"line":2},"1":{"loc":{"start":{"line":3,"column":11},"end":{"line":3,"column":61}},"type":"cond-expr","locations":[{"start":{"line":3,"column":37},"end":{"line":3,"column":40}},{"start":{"line":3,"column":43},"end":{"line":3,"column":61}}],"line":3},"2":{"loc":{"start":{"line":3,"column":12},"end":{"line":3,"column":33}},"type":"binary-expr","locations":[{"start":{"line":3,"column":12},"end":{"line":3,"column":15}},{"start":{"line":3,"column":19},"end":{"line":3,"column":33}}],"line":3},"3":{"loc":{"start":{"line":28,"column":32},"end":{"line":28,"column":82}},"type":"binary-expr","locations":[{"start":{"line":28,"column":32},"end":{"line":28,"column":44}},{"start":{"line":28,"column":48},"end":{"line":28,"column":82}}],"line":28},"4":{"loc":{"start":{"line":33,"column":8},"end":{"line":35,"column":9}},"type":"if","locations":[{"start":{"line":33,"column":8},"end":{"line":35,"column":9}},{"start":{"line":33,"column":8},"end":{"line":35,"column":9}}],"line":33}},"s":{"0":3,"1":6,"2":3,"3":3,"4":3,"5":3,"6":5,"7":5,"8":5,"9":2,"10":3,"11":8,"12":8,"13":8,"14":8,"15":8,"16":5,"17":5,"18":5,"19":5,"20":3},"f":{"0":6,"1":5,"2":8,"3":5},"b":{"0":[3,3,3],"1":[6,0],"2":[6,6],"3":[5,5],"4":[2,3]},"_coverageSchema":"1a1c01bbd47fc00a2c39e90264f33305004495a9","hash":"8b5eaada2af4bc2f1ea8d38307c833932c0967d3"}
,"/Users/shushanthpallegar/Desktop/shushanth/events-server/dist/utils/log.js": {"path":"/Users/shushanthpallegar/Desktop/shushanth/events-server/dist/utils/log.js","statementMap":{"0":{"start":{"line":2,"column":19},"end":{"line":8,"column":1}},"1":{"start":{"line":3,"column":4},"end":{"line":3,"column":42}},"2":{"start":{"line":3,"column":31},"end":{"line":3,"column":42}},"3":{"start":{"line":4,"column":17},"end":{"line":4,"column":19}},"4":{"start":{"line":5,"column":4},"end":{"line":5,"column":99}},"5":{"start":{"line":5,"column":21},"end":{"line":5,"column":99}},"6":{"start":{"line":5,"column":40},"end":{"line":5,"column":99}},"7":{"start":{"line":5,"column":80},"end":{"line":5,"column":99}},"8":{"start":{"line":6,"column":4},"end":{"line":6,"column":28}},"9":{"start":{"line":7,"column":4},"end":{"line":7,"column":18}},"10":{"start":{"line":9,"column":0},"end":{"line":9,"column":62}},"11":{"start":{"line":10,"column":18},"end":{"line":10,"column":50}},"12":{"start":{"line":13,"column":8},"end":{"line":13,"column":48}},"13":{"start":{"line":14,"column":8},"end":{"line":18,"column":11}},"14":{"start":{"line":20,"column":8},"end":{"line":24,"column":9}},"15":{"start":{"line":21,"column":12},"end":{"line":23,"column":16}},"16":{"start":{"line":27,"column":8},"end":{"line":27,"column":107}},"17":{"start":{"line":30,"column":8},"end":{"line":30,"column":51}},"18":{"start":{"line":34,"column":0},"end":{"line":34,"column":26}}},"fnMap":{"0":{"name":"(anonymous_0)","decl":{"start":{"line":2,"column":50},"end":{"line":2,"column":51}},"loc":{"start":{"line":2,"column":65},"end":{"line":8,"column":1}},"line":2},"1":{"name":"(anonymous_1)","decl":{"start":{"line":12,"column":4},"end":{"line":12,"column":5}},"loc":{"start":{"line":12,"column":18},"end":{"line":25,"column":5}},"line":12},"2":{"name":"(anonymous_2)","decl":{"start":{"line":26,"column":4},"end":{"line":26,"column":5}},"loc":{"start":{"line":26,"column":21},"end":{"line":28,"column":5}},"line":26},"3":{"name":"(anonymous_3)","decl":{"start":{"line":29,"column":4},"end":{"line":29,"column":5}},"loc":{"start":{"line":29,"column":20},"end":{"line":31,"column":5}},"line":29}},"branchMap":{"0":{"loc":{"start":{"line":2,"column":19},"end":{"line":8,"column":1}},"type":"binary-expr","locations":[{"start":{"line":2,"column":20},"end":{"line":2,"column":24}},{"start":{"line":2,"column":28},"end":{"line":2,"column":45}},{"start":{"line":2,"column":50},"end":{"line":8,"column":1}}],"line":2},"1":{"loc":{"start":{"line":3,"column":4},"end":{"line":3,"column":42}},"type":"if","locations":[{"start":{"line":3,"column":4},"end":{"line":3,"column":42}},{"start":{"line":3,"column":4},"end":{"line":3,"column":42}}],"line":3},"2":{"loc":{"start":{"line":3,"column":8},"end":{"line":3,"column":29}},"type":"binary-expr","locations":[{"start":{"line":3,"column":8},"end":{"line":3,"column":11}},{"start":{"line":3,"column":15},"end":{"line":3,"column":29}}],"line":3},"3":{"loc":{"start":{"line":5,"column":4},"end":{"line":5,"column":99}},"type":"if","locations":[{"start":{"line":5,"column":4},"end":{"line":5,"column":99}},{"start":{"line":5,"column":4},"end":{"line":5,"column":99}}],"line":5},"4":{"loc":{"start":{"line":5,"column":40},"end":{"line":5,"column":99}},"type":"if","locations":[{"start":{"line":5,"column":40},"end":{"line":5,"column":99}},{"start":{"line":5,"column":40},"end":{"line":5,"column":99}}],"line":5},"5":{"loc":{"start":{"line":20,"column":8},"end":{"line":24,"column":9}},"type":"if","locations":[{"start":{"line":20,"column":8},"end":{"line":24,"column":9}},{"start":{"line":20,"column":8},"end":{"line":24,"column":9}}],"line":20}},"s":{"0":3,"1":3,"2":0,"3":3,"4":3,"5":3,"6":108,"7":108,"8":3,"9":3,"10":3,"11":3,"12":3,"13":3,"14":3,"15":0,"16":34,"17":0,"18":3},"f":{"0":3,"1":3,"2":34,"3":0},"b":{"0":[3,3,3],"1":[0,3],"2":[3,3],"3":[3,0],"4":[108,0],"5":[0,3]},"_coverageSchema":"1a1c01bbd47fc00a2c39e90264f33305004495a9","hash":"82283b9a003399e8c55550b57839e022240a2d4a"}
,"/Users/shushanthpallegar/Desktop/shushanth/events-server/src/app.ts": {"path":"/Users/shushanthpallegar/Desktop/shushanth/events-server/src/app.ts","statementMap":{"0":{"start":{"line":7,"column":0},"end":{"line":7,"column":55}},"1":{"start":{"line":8,"column":0},"end":{"line":8,"column":37}},"2":{"start":{"line":9,"column":0},"end":{"line":9,"column":41}},"3":{"start":{"line":11,"column":0},"end":{"line":11,"column":43}},"4":{"start":{"line":12,"column":0},"end":{"line":12,"column":43}},"5":{"start":{"line":17,"column":4},"end":{"line":17,"column":31}},"6":{"start":{"line":18,"column":4},"end":{"line":18,"column":44}},"7":{"start":{"line":19,"column":4},"end":{"line":19,"column":22}},"8":{"start":{"line":20,"column":4},"end":{"line":20,"column":22}},"9":{"start":{"line":24,"column":4},"end":{"line":24,"column":42}},"10":{"start":{"line":25,"column":4},"end":{"line":25,"column":67}},"11":{"start":{"line":29,"column":4},"end":{"line":29,"column":81}},"12":{"start":{"line":30,"column":4},"end":{"line":30,"column":44}},"13":{"start":{"line":34,"column":0},"end":{"line":34,"column":19}}},"fnMap":{"0":{"name":"(anonymous_1)","decl":{"start":{"line":16,"column":2},"end":{"line":16,"column":null}},"loc":{"start":{"line":16,"column":2},"end":{"line":21,"column":3}}},"1":{"name":"(anonymous_2)","decl":{"start":{"line":23,"column":10},"end":{"line":23,"column":20}},"loc":{"start":{"line":23,"column":20},"end":{"line":26,"column":3}}},"2":{"name":"(anonymous_3)","decl":{"start":{"line":28,"column":10},"end":{"line":28,"column":20}},"loc":{"start":{"line":28,"column":20},"end":{"line":31,"column":3}}}},"branchMap":{},"s":{"0":1,"1":1,"2":1,"3":1,"4":1,"5":1,"6":1,"7":1,"8":1,"9":1,"10":1,"11":1,"12":1,"13":1},"f":{"0":1,"1":1,"2":1},"b":{}}
,"/Users/shushanthpallegar/Desktop/shushanth/events-server/src/controllers/appController.ts": {"path":"/Users/shushanthpallegar/Desktop/shushanth/events-server/src/controllers/appController.ts","statementMap":{"0":{"start":{"line":7,"column":0},"end":{"line":7,"column":34}},"1":{"start":{"line":8,"column":0},"end":{"line":8,"column":54}},"2":{"start":{"line":11,"column":9},"end":{"line":20,"column":null}},"3":{"start":{"line":12,"column":21},"end":{"line":12,"column":28}},"4":{"start":{"line":13,"column":4},"end":{"line":13,"column":null}},"5":{"start":{"line":14,"column":4},"end":{"line":14,"column":25}},"6":{"start":{"line":15,"column":26},"end":{"line":15,"column":45}},"7":{"start":{"line":16,"column":49},"end":{"line":16,"column":75}},"8":{"start":{"line":17,"column":4},"end":{"line":17,"column":null}},"9":{"start":{"line":18,"column":4},"end":{"line":18,"column":35}},"10":{"start":{"line":19,"column":4},"end":{"line":19,"column":34}},"11":{"start":{"line":23,"column":0},"end":{"line":23,"column":29}}},"fnMap":{"0":{"name":"(anonymous_1)","decl":{"start":{"line":10,"column":0},"end":{"line":10,"column":6}},"loc":{"start":{"line":10,"column":0},"end":{"line":21,"column":1}}},"1":{"name":"(anonymous_2)","decl":{"start":{"line":11,"column":18},"end":{"line":11,"column":19}},"loc":{"start":{"line":11,"column":59},"end":{"line":20,"column":3}}}},"branchMap":{},"s":{"0":2,"1":2,"2":2,"3":2,"4":2,"5":2,"6":2,"7":2,"8":2,"9":2,"10":2,"11":2},"f":{"0":2,"1":2},"b":{}}
,"/Users/shushanthpallegar/Desktop/shushanth/events-server/src/routes/appRoutes.ts": {"path":"/Users/shushanthpallegar/Desktop/shushanth/events-server/src/routes/appRoutes.ts","statementMap":{"0":{"start":{"line":5,"column":0},"end":{"line":5,"column":33}},"1":{"start":{"line":7,"column":0},"end":{"line":7,"column":57}},"2":{"start":{"line":9,"column":9},"end":{"line":9,"column":35}},"3":{"start":{"line":10,"column":9},"end":{"line":10,"column":45}},"4":{"start":{"line":12,"column":4},"end":{"line":12,"column":36}},"5":{"start":{"line":16,"column":4},"end":{"line":16,"column":null}},"6":{"start":{"line":8,"column":0},"end":{"line":8,"column":13}},"7":{"start":{"line":20,"column":0},"end":{"line":20,"column":25}}},"fnMap":{"0":{"name":"(anonymous_1)","decl":{"start":{"line":11,"column":2},"end":{"line":11,"column":null}},"loc":{"start":{"line":11,"column":2},"end":{"line":13,"column":3}}},"1":{"name":"(anonymous_2)","decl":{"start":{"line":15,"column":10},"end":{"line":15,"column":34}},"loc":{"start":{"line":15,"column":34},"end":{"line":17,"column":3}}}},"branchMap":{},"s":{"0":1,"1":1,"2":1,"3":1,"4":1,"5":1,"6":1,"7":1},"f":{"0":1,"1":1},"b":{}}
,"/Users/shushanthpallegar/Desktop/shushanth/events-server/src/services/appDateService.ts": {"path":"/Users/shushanthpallegar/Desktop/shushanth/events-server/src/services/appDateService.ts","statementMap":{"0":{"start":{"line":7,"column":10},"end":{"line":7,"column":51}},"1":{"start":{"line":8,"column":10},"end":{"line":8,"column":37}},"2":{"start":{"line":10,"column":4},"end":{"line":10,"column":36}},"3":{"start":{"line":13,"column":4},"end":{"line":20,"column":null}},"4":{"start":{"line":14,"column":22},"end":{"line":14,"column":66}},"5":{"start":{"line":15,"column":31},"end":{"line":15,"column":43}},"6":{"start":{"line":16,"column":8},"end":{"line":16,"column":41}},"7":{"start":{"line":17,"column":8},"end":{"line":17,"column":52}},"8":{"start":{"line":18,"column":8},"end":{"line":18,"column":39}},"9":{"start":{"line":19,"column":8},"end":{"line":19,"column":46}},"10":{"start":{"line":23,"column":0},"end":{"line":23,"column":30}}},"fnMap":{"0":{"name":"(anonymous_0)","decl":{"start":{"line":6,"column":0},"end":{"line":6,"column":6}},"loc":{"start":{"line":6,"column":0},"end":{"line":22,"column":1}}},"1":{"name":"(anonymous_1)","decl":{"start":{"line":9,"column":9},"end":{"line":9,"column":26}},"loc":{"start":{"line":9,"column":44},"end":{"line":11,"column":3}}},"2":{"name":"(anonymous_2)","decl":{"start":{"line":12,"column":9},"end":{"line":12,"column":23}},"loc":{"start":{"line":12,"column":39},"end":{"line":21,"column":3}}}},"branchMap":{"0":{"loc":{"start":{"line":13,"column":4},"end":{"line":20,"column":null}},"type":"if","locations":[{"start":{"line":13,"column":4},"end":{"line":20,"column":null}},{"start":{"line":13,"column":4},"end":{"line":20,"column":null}}]}},"s":{"0":5,"1":5,"2":0,"3":16,"4":16,"5":16,"6":16,"7":16,"8":16,"9":16,"10":3},"f":{"0":5,"1":0,"2":16},"b":{"0":[16,0]}}
,"/Users/shushanthpallegar/Desktop/shushanth/events-server/src/services/eventsService.ts": {"path":"/Users/shushanthpallegar/Desktop/shushanth/events-server/src/services/eventsService.ts","statementMap":{"0":{"start":{"line":6,"column":0},"end":{"line":6,"column":36}},"1":{"start":{"line":8,"column":0},"end":{"line":8,"column":34}},"2":{"start":{"line":13,"column":0},"end":{"line":13,"column":46}},"3":{"start":{"line":28,"column":27},"end":{"line":28,"column":47}},"4":{"start":{"line":29,"column":28},"end":{"line":29,"column":78}},"5":{"start":{"line":34,"column":4},"end":{"line":36,"column":null}},"6":{"start":{"line":35,"column":6},"end":{"line":35,"column":16}},"7":{"start":{"line":37,"column":4},"end":{"line":56,"column":null}},"8":{"start":{"line":38,"column":6},"end":{"line":38,"column":45}},"9":{"start":{"line":39,"column":6},"end":{"line":39,"column":41}},"10":{"start":{"line":40,"column":28},"end":{"line":40,"column":64}},"11":{"start":{"line":41,"column":26},"end":{"line":41,"column":60}},"12":{"start":{"line":42,"column":6},"end":{"line":55,"column":null}},"13":{"start":{"line":60,"column":4},"end":{"line":60,"column":37}},"14":{"start":{"line":61,"column":26},"end":{"line":64,"column":6}},"15":{"start":{"line":65,"column":4},"end":{"line":65,"column":54}},"16":{"start":{"line":66,"column":4},"end":{"line":66,"column":25}},"17":{"start":{"line":70,"column":0},"end":{"line":70,"column":29}}},"fnMap":{"0":{"name":"(anonymous_1)","decl":{"start":{"line":27,"column":10},"end":{"line":27,"column":22}},"loc":{"start":{"line":27,"column":63},"end":{"line":57,"column":3}}},"1":{"name":"(anonymous_2)","decl":{"start":{"line":37,"column":28},"end":{"line":37,"column":29}},"loc":{"start":{"line":37,"column":75},"end":{"line":56,"column":5}}},"2":{"name":"(anonymous_3)","decl":{"start":{"line":59,"column":9},"end":{"line":59,"column":15}},"loc":{"start":{"line":59,"column":50},"end":{"line":67,"column":3}}}},"branchMap":{"0":{"loc":{"start":{"line":29,"column":28},"end":{"line":29,"column":40}},"type":"binary-expr","locations":[{"start":{"line":29,"column":28},"end":{"line":29,"column":40}},{"start":{"line":29,"column":44},"end":{"line":29,"column":78}}]},"1":{"loc":{"start":{"line":34,"column":4},"end":{"line":36,"column":null}},"type":"if","locations":[{"start":{"line":34,"column":4},"end":{"line":36,"column":null}},{"start":{"line":34,"column":4},"end":{"line":36,"column":null}}]}},"s":{"0":3,"1":3,"2":3,"3":5,"4":5,"5":5,"6":2,"7":3,"8":8,"9":8,"10":8,"11":8,"12":8,"13":5,"14":5,"15":5,"16":5,"17":3},"f":{"0":5,"1":8,"2":5},"b":{"0":[5,5],"1":[2,3]}}
,"/Users/shushanthpallegar/Desktop/shushanth/events-server/src/utils/log.ts": {"path":"/Users/shushanthpallegar/Desktop/shushanth/events-server/src/utils/log.ts","statementMap":{"0":{"start":{"line":1,"column":0},"end":{"line":1,"column":42}},"1":{"start":{"line":5,"column":9},"end":{"line":5,"column":50}},"2":{"start":{"line":7,"column":4},"end":{"line":13,"column":7}},"3":{"start":{"line":15,"column":4},"end":{"line":19,"column":null}},"4":{"start":{"line":16,"column":6},"end":{"line":18,"column":null}},"5":{"start":{"line":22,"column":4},"end":{"line":22,"column":103}},"6":{"start":{"line":26,"column":4},"end":{"line":26,"column":47}},"7":{"start":{"line":31,"column":0},"end":{"line":31,"column":23}}},"fnMap":{"0":{"name":"(anonymous_1)","decl":{"start":{"line":6,"column":2},"end":{"line":6,"column":null}},"loc":{"start":{"line":6,"column":2},"end":{"line":20,"column":3}}},"1":{"name":"(anonymous_2)","decl":{"start":{"line":21,"column":9},"end":{"line":21,"column":16}},"loc":{"start":{"line":21,"column":29},"end":{"line":23,"column":3}}},"2":{"name":"(anonymous_3)","decl":{"start":{"line":25,"column":9},"end":{"line":25,"column":17}},"loc":{"start":{"line":25,"column":28},"end":{"line":27,"column":3}}}},"branchMap":{"0":{"loc":{"start":{"line":15,"column":4},"end":{"line":19,"column":null}},"type":"if","locations":[{"start":{"line":15,"column":4},"end":{"line":19,"column":null}},{"start":{"line":15,"column":4},"end":{"line":19,"column":null}}]}},"s":{"0":3,"1":3,"2":3,"3":3,"4":0,"5":34,"6":0,"7":3},"f":{"0":3,"1":34,"2":0},"b":{"0":[0,3]}}
}
