TN:
SF:dist/app.js
FN:7,(anonymous_0)
FN:17,(anonymous_1)
FN:23,(anonymous_2)
FN:27,(anonymous_3)
FNF:4
FNH:4
FNDA:5,(anonymous_0)
FNDA:1,(anonymous_1)
FNDA:1,(anonymous_2)
FNDA:1,(anonymous_3)
DA:7,1
DA:8,5
DA:10,1
DA:11,1
DA:12,1
DA:13,1
DA:14,1
DA:15,1
DA:18,1
DA:19,1
DA:20,1
DA:21,1
DA:24,1
DA:25,1
DA:28,1
DA:29,1
DA:32,1
LF:17
LH:17
BRDA:7,0,0,1
BRDA:7,0,1,1
BRDA:7,0,2,1
BRDA:8,1,0,1
BRDA:8,1,1,4
BRDA:8,2,0,5
BRDA:8,2,1,5
BRF:7
BRH:7
end_of_record
TN:
SF:dist/controllers/appController.js
FN:2,(anonymous_0)
FN:9,(anonymous_1)
FN:10,(anonymous_2)
FNF:3
FNH:3
FNDA:4,(anonymous_0)
FNDA:2,(anonymous_1)
FNDA:2,(anonymous_2)
DA:2,2
DA:3,4
DA:5,2
DA:6,2
DA:7,2
DA:10,2
DA:11,2
DA:12,2
DA:13,2
DA:14,2
DA:15,2
DA:16,2
DA:17,2
DA:18,2
DA:22,2
LF:15
LH:15
BRDA:2,0,0,2
BRDA:2,0,1,2
BRDA:2,0,2,2
BRDA:3,1,0,4
BRDA:3,1,1,0
BRDA:3,2,0,4
BRDA:3,2,1,4
BRF:7
BRH:6
end_of_record
TN:
SF:dist/routes/appRoutes.js
FN:2,(anonymous_0)
FN:13,(anonymous_1)
FN:18,(anonymous_2)
FNF:3
FNH:3
FNDA:1,(anonymous_0)
FNDA:1,(anonymous_1)
FNDA:1,(anonymous_2)
DA:2,1
DA:3,1
DA:5,1
DA:10,1
DA:11,1
DA:14,1
DA:15,1
DA:16,1
DA:19,1
DA:22,1
DA:24,1
LF:11
LH:11
BRDA:2,0,0,1
BRDA:2,0,1,1
BRDA:2,0,2,1
BRDA:3,1,0,1
BRDA:3,1,1,0
BRDA:3,2,0,1
BRDA:3,2,1,1
BRF:7
BRH:6
end_of_record
TN:
SF:dist/services/appDateService.js
FN:8,(anonymous_0)
FN:12,(anonymous_1)
FN:15,(anonymous_2)
FNF:3
FNH:2
FNDA:5,(anonymous_0)
FNDA:0,(anonymous_1)
FNDA:16,(anonymous_2)
DA:6,3
DA:9,5
DA:10,5
DA:13,0
DA:16,16
DA:17,16
DA:18,16
DA:19,16
DA:20,16
DA:21,16
DA:22,16
DA:26,3
LF:12
LH:11
BRDA:16,0,0,16
BRDA:16,0,1,0
BRF:2
BRH:1
end_of_record
TN:
SF:dist/services/eventsService.js
FN:2,(anonymous_0)
FN:26,(anonymous_1)
FN:36,(anonymous_2)
FN:57,(anonymous_3)
FNF:4
FNH:4
FNDA:6,(anonymous_0)
FNDA:5,(anonymous_1)
FNDA:8,(anonymous_2)
FNDA:5,(anonymous_3)
DA:2,3
DA:3,6
DA:5,3
DA:11,3
DA:12,3
DA:13,3
DA:27,5
DA:28,5
DA:33,5
DA:34,2
DA:36,3
DA:37,8
DA:38,8
DA:39,8
DA:40,8
DA:41,8
DA:58,5
DA:59,5
DA:63,5
DA:64,5
DA:67,3
LF:21
LH:21
BRDA:2,0,0,3
BRDA:2,0,1,3
BRDA:2,0,2,3
BRDA:3,1,0,6
BRDA:3,1,1,0
BRDA:3,2,0,6
BRDA:3,2,1,6
BRDA:28,3,0,5
BRDA:28,3,1,5
BRDA:33,4,0,2
BRDA:33,4,1,3
BRF:11
BRH:10
end_of_record
TN:
SF:dist/utils/log.js
FN:2,(anonymous_0)
FN:12,(anonymous_1)
FN:26,(anonymous_2)
FN:29,(anonymous_3)
FNF:4
FNH:3
FNDA:3,(anonymous_0)
FNDA:3,(anonymous_1)
FNDA:34,(anonymous_2)
FNDA:0,(anonymous_3)
DA:2,3
DA:3,3
DA:4,3
DA:5,108
DA:6,3
DA:7,3
DA:9,3
DA:10,3
DA:13,3
DA:14,3
DA:20,3
DA:21,0
DA:27,34
DA:30,0
DA:34,3
LF:15
LH:13
BRDA:2,0,0,3
BRDA:2,0,1,3
BRDA:2,0,2,3
BRDA:3,1,0,0
BRDA:3,1,1,3
BRDA:3,2,0,3
BRDA:3,2,1,3
BRDA:5,3,0,3
BRDA:5,3,1,0
BRDA:5,4,0,108
BRDA:5,4,1,0
BRDA:20,5,0,0
BRDA:20,5,1,3
BRF:13
BRH:9
end_of_record
TN:
SF:src/app.ts
FN:16,(anonymous_1)
FN:23,(anonymous_2)
FN:28,(anonymous_3)
FNF:3
FNH:3
FNDA:1,(anonymous_1)
FNDA:1,(anonymous_2)
FNDA:1,(anonymous_3)
DA:7,1
DA:8,1
DA:9,1
DA:11,1
DA:12,1
DA:17,1
DA:18,1
DA:19,1
DA:20,1
DA:24,1
DA:25,1
DA:29,1
DA:30,1
DA:34,1
LF:14
LH:14
BRF:0
BRH:0
end_of_record
TN:
SF:src/controllers/appController.ts
FN:10,(anonymous_1)
FN:11,(anonymous_2)
FNF:2
FNH:2
FNDA:2,(anonymous_1)
FNDA:2,(anonymous_2)
DA:7,2
DA:8,2
DA:11,2
DA:12,2
DA:13,2
DA:14,2
DA:15,2
DA:16,2
DA:17,2
DA:18,2
DA:19,2
DA:23,2
LF:12
LH:12
BRF:0
BRH:0
end_of_record
TN:
SF:src/routes/appRoutes.ts
FN:11,(anonymous_1)
FN:15,(anonymous_2)
FNF:2
FNH:2
FNDA:1,(anonymous_1)
FNDA:1,(anonymous_2)
DA:5,1
DA:7,1
DA:8,1
DA:9,1
DA:10,1
DA:12,1
DA:16,1
DA:20,1
LF:8
LH:8
BRF:0
BRH:0
end_of_record
TN:
SF:src/services/appDateService.ts
FN:6,(anonymous_0)
FN:9,(anonymous_1)
FN:12,(anonymous_2)
FNF:3
FNH:2
FNDA:5,(anonymous_0)
FNDA:0,(anonymous_1)
FNDA:16,(anonymous_2)
DA:7,5
DA:8,5
DA:10,0
DA:13,16
DA:14,16
DA:15,16
DA:16,16
DA:17,16
DA:18,16
DA:19,16
DA:23,3
LF:11
LH:10
BRDA:13,0,0,16
BRDA:13,0,1,0
BRF:2
BRH:1
end_of_record
TN:
SF:src/services/eventsService.ts
FN:27,(anonymous_1)
FN:37,(anonymous_2)
FN:59,(anonymous_3)
FNF:3
FNH:3
FNDA:5,(anonymous_1)
FNDA:8,(anonymous_2)
FNDA:5,(anonymous_3)
DA:6,3
DA:8,3
DA:13,3
DA:28,5
DA:29,5
DA:34,5
DA:35,2
DA:37,3
DA:38,8
DA:39,8
DA:40,8
DA:41,8
DA:42,8
DA:60,5
DA:61,5
DA:65,5
DA:66,5
DA:70,3
LF:18
LH:18
BRDA:29,0,0,5
BRDA:29,0,1,5
BRDA:34,1,0,2
BRDA:34,1,1,3
BRF:4
BRH:4
end_of_record
TN:
SF:src/utils/log.ts
FN:6,(anonymous_1)
FN:21,(anonymous_2)
FN:25,(anonymous_3)
FNF:3
FNH:2
FNDA:3,(anonymous_1)
FNDA:34,(anonymous_2)
FNDA:0,(anonymous_3)
DA:1,3
DA:5,3
DA:7,3
DA:15,3
DA:16,0
DA:22,34
DA:26,0
DA:31,3
LF:8
LH:6
BRDA:15,0,0,0
BRDA:15,0,1,3
BRF:2
BRH:1
end_of_record
